{"name": "Browse Our Categories Verify Functionality", "status": "broken", "statusDetails": {"message": "selenium.common.exceptions.StaleElementReferenceException: Message: stale element reference: element is not attached to the page document\n  (Session info: chrome=103.0.5060.114)\nStacktrace:\nBacktrace:\n\tOrdinal0 [0x015756B3+2184883]\n\tOrdinal0 [0x0150E5F1+1762801]\n\tOrdinal0 [0x01423DA8+802216]\n\tOrdinal0 [0x01426784+812932]\n\tOrdinal0 [0x01426642+812610]\n\tOrdinal0 [0x014268D0+813264]\n\tOrdinal0 [0x01453519+996633]\n\tOrdinal0 [0x014487F6+952310]\n\tOrdinal0 [0x0146CB0C+1100556]\n\tOrdinal0 [0x014482B4+950964]\n\tOrdinal0 [0x0146CD24+1101092]\n\tOrdinal0 [0x0147CF52+1167186]\n\tOrdinal0 [0x0146C926+1100070]\n\tOrdinal0 [0x01446EA0+945824]\n\tOrdinal0 [0x01447D96+949654]\n\tGetHandleVerifier [0x01814192+2704034]\n\tGetHandleVerifier [0x0180687D+2648461]\n\tGetHandleVerifier [0x0160119A+529066]\n\tGetHandleVerifier [0x01600006+524566]\n\tOrdinal0 [0x01514F2B+1789739]\n\tOrdinal0 [0x01519978+1808760]\n\tOrdinal0 [0x01519A65+1808997]\n\tOrdinal0 [0x01522A01+1845761]\n\tBaseThreadInitThunk [0x75B9343D+18]\n\tRtlInitializeExceptionChain [0x77E79812+99]\n\tRtlInitializeExceptionChain [0x77E797E5+54]\n\n", "trace": "  File \"C:\\Users\\aaron\\Documents\\PythonProjects\\gettop-us\\venv\\lib\\site-packages\\behave\\model.py\", line 1329, in run\n    match.run(runner.context)\n  File \"C:\\Users\\aaron\\Documents\\PythonProjects\\gettop-us\\venv\\lib\\site-packages\\behave\\matchers.py\", line 98, in run\n    self.func(context, *args, **kwargs)\n  File \"features\\steps\\verify_categories_steps.py\", line 52, in click_and_verify_category\n    clickable_ipad.click()\n  File \"C:\\Users\\aaron\\Documents\\PythonProjects\\gettop-us\\venv\\lib\\site-packages\\selenium\\webdriver\\remote\\webelement.py\", line 88, in click\n    self._execute(Command.CLICK_ELEMENT)\n  File \"C:\\Users\\aaron\\Documents\\PythonProjects\\gettop-us\\venv\\lib\\site-packages\\selenium\\webdriver\\remote\\webelement.py\", line 396, in _execute\n    return self._parent.execute(command, params)\n  File \"C:\\Users\\aaron\\Documents\\PythonProjects\\gettop-us\\venv\\lib\\site-packages\\selenium\\webdriver\\remote\\webdriver.py\", line 435, in execute\n    self.error_handler.check_response(response)\n  File \"C:\\Users\\aaron\\Documents\\PythonProjects\\gettop-us\\venv\\lib\\site-packages\\selenium\\webdriver\\remote\\errorhandler.py\", line 247, in check_response\n    raise exception_class(message, screen, stacktrace)\n"}, "steps": [{"name": "Given Gettop Home Page", "status": "passed", "start": 1658808077068, "stop": 1658808080499}, {"name": "When Browse Our Categories Text is Verified", "status": "passed", "start": 1658808080499, "stop": 1658808080715}, {"name": "And Verify 4 Correct Categories are Shown", "status": "passed", "start": 1658808080715, "stop": 1658808081370}, {"name": "Then Click Each Category and Verify the Correct Page Opened", "status": "broken", "statusDetails": {"message": "selenium.common.exceptions.StaleElementReferenceException: Message: stale element reference: element is not attached to the page document\n  (Session info: chrome=103.0.5060.114)\nStacktrace:\nBacktrace:\n\tOrdinal0 [0x015756B3+2184883]\n\tOrdinal0 [0x0150E5F1+1762801]\n\tOrdinal0 [0x01423DA8+802216]\n\tOrdinal0 [0x01426784+812932]\n\tOrdinal0 [0x01426642+812610]\n\tOrdinal0 [0x014268D0+813264]\n\tOrdinal0 [0x01453519+996633]\n\tOrdinal0 [0x014487F6+952310]\n\tOrdinal0 [0x0146CB0C+1100556]\n\tOrdinal0 [0x014482B4+950964]\n\tOrdinal0 [0x0146CD24+1101092]\n\tOrdinal0 [0x0147CF52+1167186]\n\tOrdinal0 [0x0146C926+1100070]\n\tOrdinal0 [0x01446EA0+945824]\n\tOrdinal0 [0x01447D96+949654]\n\tGetHandleVerifier [0x01814192+2704034]\n\tGetHandleVerifier [0x0180687D+2648461]\n\tGetHandleVerifier [0x0160119A+529066]\n\tGetHandleVerifier [0x01600006+524566]\n\tOrdinal0 [0x01514F2B+1789739]\n\tOrdinal0 [0x01519978+1808760]\n\tOrdinal0 [0x01519A65+1808997]\n\tOrdinal0 [0x01522A01+1845761]\n\tBaseThreadInitThunk [0x75B9343D+18]\n\tRtlInitializeExceptionChain [0x77E79812+99]\n\tRtlInitializeExceptionChain [0x77E797E5+54]\n\n", "trace": "  File \"C:\\Users\\aaron\\Documents\\PythonProjects\\gettop-us\\venv\\lib\\site-packages\\behave\\model.py\", line 1329, in run\n    match.run(runner.context)\n  File \"C:\\Users\\aaron\\Documents\\PythonProjects\\gettop-us\\venv\\lib\\site-packages\\behave\\matchers.py\", line 98, in run\n    self.func(context, *args, **kwargs)\n  File \"features\\steps\\verify_categories_steps.py\", line 52, in click_and_verify_category\n    clickable_ipad.click()\n  File \"C:\\Users\\aaron\\Documents\\PythonProjects\\gettop-us\\venv\\lib\\site-packages\\selenium\\webdriver\\remote\\webelement.py\", line 88, in click\n    self._execute(Command.CLICK_ELEMENT)\n  File \"C:\\Users\\aaron\\Documents\\PythonProjects\\gettop-us\\venv\\lib\\site-packages\\selenium\\webdriver\\remote\\webelement.py\", line 396, in _execute\n    return self._parent.execute(command, params)\n  File \"C:\\Users\\aaron\\Documents\\PythonProjects\\gettop-us\\venv\\lib\\site-packages\\selenium\\webdriver\\remote\\webdriver.py\", line 435, in execute\n    self.error_handler.check_response(response)\n  File \"C:\\Users\\aaron\\Documents\\PythonProjects\\gettop-us\\venv\\lib\\site-packages\\selenium\\webdriver\\remote\\errorhandler.py\", line 247, in check_response\n    raise exception_class(message, screen, stacktrace)\n"}, "start": 1658808081370, "stop": 1658808086730}], "start": 1658808071246, "stop": 1658808087575, "uuid": "588acd77-bf1a-4277-9313-f182a9aaf4ce", "historyId": "68b4ac6c414f33a3707e7e1dc431d04c", "fullName": "Test Involving with Gettop.us Home Page: Browse Our Categories Verify Functionality", "labels": [{"name": "severity", "value": "normal"}, {"name": "feature", "value": "Test Involving with Gettop.us Home Page"}, {"name": "framework", "value": "behave"}, {"name": "language", "value": "cpython3"}]}