{"name": "Browse Our Categories Verify Functionality", "status": "broken", "statusDetails": {"message": "selenium.common.exceptions.StaleElementReferenceException: Message: stale element reference: element is not attached to the page document\n  (Session info: chrome=103.0.5060.114)\nStacktrace:\n0   chromedriver                        0x000000010bbef0f9 chromedriver + 4448505\n1   chromedriver                        0x000000010bb7af73 chromedriver + 3972979\n2   chromedriver                        0x000000010b815268 chromedriver + 410216\n3   chromedriver                        0x000000010b818117 chromedriver + 422167\n4   chromedriver                        0x000000010b817fb6 chromedriver + 421814\n5   chromedriver                        0x000000010b81827c chromedriver + 422524\n6   chromedriver                        0x000000010b84d19a chromedriver + 639386\n7   chromedriver                        0x000000010b8407b6 chromedriver + 587702\n8   chromedriver                        0x000000010b868a12 chromedriver + 752146\n9   chromedriver                        0x000000010b840175 chromedriver + 586101\n10  chromedriver                        0x000000010b868b1e chromedriver + 752414\n11  chromedriver                        0x000000010b87b4a1 chromedriver + 828577\n12  chromedriver                        0x000000010b868903 chromedriver + 751875\n13  chromedriver                        0x000000010b83ec55 chromedriver + 580693\n14  chromedriver                        0x000000010b83fca5 chromedriver + 584869\n15  chromedriver                        0x000000010bbc045d chromedriver + 4256861\n16  chromedriver                        0x000000010bbc53dd chromedriver + 4277213\n17  chromedriver                        0x000000010bbca35f chromedriver + 4297567\n18  chromedriver                        0x000000010bbc603a chromedriver + 4280378\n19  chromedriver                        0x000000010bb9f86f chromedriver + 4122735\n20  chromedriver                        0x000000010bbe0448 chromedriver + 4387912\n21  chromedriver                        0x000000010bbe05cf chromedriver + 4388303\n22  chromedriver                        0x000000010bbf6545 chromedriver + 4478277\n23  libsystem_pthread.dylib             0x00007fffa4b0693b _pthread_body + 180\n24  libsystem_pthread.dylib             0x00007fffa4b06887 _pthread_body + 0\n25  libsystem_pthread.dylib             0x00007fffa4b0608d thread_start + 13\n\n", "trace": "  File \"C:\\Users\\aaron\\Documents\\PythonProjects\\gettop-us\\venv\\lib\\site-packages\\behave\\model.py\", line 1329, in run\n    match.run(runner.context)\n  File \"C:\\Users\\aaron\\Documents\\PythonProjects\\gettop-us\\venv\\lib\\site-packages\\behave\\matchers.py\", line 98, in run\n    self.func(context, *args, **kwargs)\n  File \"features\\steps\\verify_categories_steps.py\", line 52, in click_and_verify_category\n    clickable_ipad.click()\n  File \"C:\\Users\\aaron\\Documents\\PythonProjects\\gettop-us\\venv\\lib\\site-packages\\selenium\\webdriver\\remote\\webelement.py\", line 88, in click\n    self._execute(Command.CLICK_ELEMENT)\n  File \"C:\\Users\\aaron\\Documents\\PythonProjects\\gettop-us\\venv\\lib\\site-packages\\selenium\\webdriver\\remote\\webelement.py\", line 396, in _execute\n    return self._parent.execute(command, params)\n  File \"C:\\Users\\aaron\\Documents\\PythonProjects\\gettop-us\\venv\\lib\\site-packages\\selenium\\webdriver\\remote\\webdriver.py\", line 435, in execute\n    self.error_handler.check_response(response)\n  File \"C:\\Users\\aaron\\Documents\\PythonProjects\\gettop-us\\venv\\lib\\site-packages\\selenium\\webdriver\\remote\\errorhandler.py\", line 247, in check_response\n    raise exception_class(message, screen, stacktrace)\n"}, "steps": [{"name": "Given Gettop Home Page", "status": "passed", "start": 1658808392204, "stop": 1658808394814}, {"name": "When Browse Our Categories Text is Verified", "status": "passed", "start": 1658808394814, "stop": 1658808395010}, {"name": "And Verify 4 Correct Categories are Shown", "status": "passed", "start": 1658808395010, "stop": 1658808395858}, {"name": "Then Click Each Category and Verify the Correct Page Opened", "status": "broken", "statusDetails": {"message": "selenium.common.exceptions.StaleElementReferenceException: Message: stale element reference: element is not attached to the page document\n  (Session info: chrome=103.0.5060.114)\nStacktrace:\n0   chromedriver                        0x000000010bbef0f9 chromedriver + 4448505\n1   chromedriver                        0x000000010bb7af73 chromedriver + 3972979\n2   chromedriver                        0x000000010b815268 chromedriver + 410216\n3   chromedriver                        0x000000010b818117 chromedriver + 422167\n4   chromedriver                        0x000000010b817fb6 chromedriver + 421814\n5   chromedriver                        0x000000010b81827c chromedriver + 422524\n6   chromedriver                        0x000000010b84d19a chromedriver + 639386\n7   chromedriver                        0x000000010b8407b6 chromedriver + 587702\n8   chromedriver                        0x000000010b868a12 chromedriver + 752146\n9   chromedriver                        0x000000010b840175 chromedriver + 586101\n10  chromedriver                        0x000000010b868b1e chromedriver + 752414\n11  chromedriver                        0x000000010b87b4a1 chromedriver + 828577\n12  chromedriver                        0x000000010b868903 chromedriver + 751875\n13  chromedriver                        0x000000010b83ec55 chromedriver + 580693\n14  chromedriver                        0x000000010b83fca5 chromedriver + 584869\n15  chromedriver                        0x000000010bbc045d chromedriver + 4256861\n16  chromedriver                        0x000000010bbc53dd chromedriver + 4277213\n17  chromedriver                        0x000000010bbca35f chromedriver + 4297567\n18  chromedriver                        0x000000010bbc603a chromedriver + 4280378\n19  chromedriver                        0x000000010bb9f86f chromedriver + 4122735\n20  chromedriver                        0x000000010bbe0448 chromedriver + 4387912\n21  chromedriver                        0x000000010bbe05cf chromedriver + 4388303\n22  chromedriver                        0x000000010bbf6545 chromedriver + 4478277\n23  libsystem_pthread.dylib             0x00007fffa4b0693b _pthread_body + 180\n24  libsystem_pthread.dylib             0x00007fffa4b06887 _pthread_body + 0\n25  libsystem_pthread.dylib             0x00007fffa4b0608d thread_start + 13\n\n", "trace": "  File \"C:\\Users\\aaron\\Documents\\PythonProjects\\gettop-us\\venv\\lib\\site-packages\\behave\\model.py\", line 1329, in run\n    match.run(runner.context)\n  File \"C:\\Users\\aaron\\Documents\\PythonProjects\\gettop-us\\venv\\lib\\site-packages\\behave\\matchers.py\", line 98, in run\n    self.func(context, *args, **kwargs)\n  File \"features\\steps\\verify_categories_steps.py\", line 52, in click_and_verify_category\n    clickable_ipad.click()\n  File \"C:\\Users\\aaron\\Documents\\PythonProjects\\gettop-us\\venv\\lib\\site-packages\\selenium\\webdriver\\remote\\webelement.py\", line 88, in click\n    self._execute(Command.CLICK_ELEMENT)\n  File \"C:\\Users\\aaron\\Documents\\PythonProjects\\gettop-us\\venv\\lib\\site-packages\\selenium\\webdriver\\remote\\webelement.py\", line 396, in _execute\n    return self._parent.execute(command, params)\n  File \"C:\\Users\\aaron\\Documents\\PythonProjects\\gettop-us\\venv\\lib\\site-packages\\selenium\\webdriver\\remote\\webdriver.py\", line 435, in execute\n    self.error_handler.check_response(response)\n  File \"C:\\Users\\aaron\\Documents\\PythonProjects\\gettop-us\\venv\\lib\\site-packages\\selenium\\webdriver\\remote\\errorhandler.py\", line 247, in check_response\n    raise exception_class(message, screen, stacktrace)\n"}, "start": 1658808395858, "stop": 1658808400379}], "start": 1658808386669, "stop": 1658808401093, "uuid": "6db185bd-3f5c-4bca-9c4f-cbd4871d026c", "historyId": "68b4ac6c414f33a3707e7e1dc431d04c", "fullName": "Test Involving with Gettop.us Home Page: Browse Our Categories Verify Functionality", "labels": [{"name": "severity", "value": "normal"}, {"name": "feature", "value": "Test Involving with Gettop.us Home Page"}, {"name": "framework", "value": "behave"}, {"name": "language", "value": "cpython3"}]}